2024-05-19T06:45:00.014Z info: Received a GET request for /employee
2024-05-19T06:45:07.139Z info: Received a GET request for /employee
2024-05-19T06:45:08.037Z info: Received a GET request for /employee
2024-05-19T06:45:08.715Z info: Received a GET request for /employee
2024-05-19T06:45:14.382Z info: Received a POST request for /user
2024-05-19T06:45:15.785Z info: Received a POST request for /user
2024-05-19T06:45:30.809Z info: Received a POST request for /auth
2024-05-19T06:45:50.756Z info: Received a POST request for /auth
2024-05-19T06:47:00.553Z info: Received a GET request for /auth
2024-05-19T06:47:28.462Z info: Received a POST request for /auth
2024-05-19T06:47:29.911Z info: Received a POST request for /auth
2024-05-19T06:48:13.346Z info: Received a POST request for /user
2024-05-19T06:48:43.969Z info: Received a POST request for /user
2024-05-19T06:51:27.960Z info: Received a POST request for /user
2024-05-19T06:51:44.321Z info: Received a POST request for /user
2024-05-19T06:51:47.789Z info: Received a POST request for /user
2024-05-19T06:52:59.406Z info: Received a POST request for /user
2024-05-19T06:55:16.969Z info: Received a POST request for /user
2024-05-19T07:11:44.341Z info: Received a POST request for /user
2024-05-19T07:13:11.329Z info: Received a POST request for /user
2024-05-19T07:13:43.220Z info: Received a GET request for /profile
2024-05-19T16:08:38.363Z info: Received a POST request for /user
2024-05-19T17:07:30.788Z info: Received a GET request for /auth
2024-05-19T22:40:11.340Z info: Received a GET request for /employee
2024-05-19T22:40:17.204Z info: Received a GET request for /employee
2024-05-20T01:50:11.989Z info: Received a GET request for /employee
2024-05-20T01:55:12.249Z info: Received a GET request for /employee
2024-05-20T01:55:14.305Z info: Received a GET request for /employee
2024-05-20T01:57:18.575Z info: Received a GET request for /employee
2024-05-20T01:57:25.886Z info: Received a GET request for /employee
2024-05-20T01:57:26.624Z info: Received a GET request for /employee
2024-05-20T01:59:36.528Z info: Received a GET request for /employee
2024-05-20T02:00:37.600Z info: Received a GET request for /employee
2024-05-20T02:00:59.762Z info: Received a GET request for /employee
2024-05-20T02:03:57.761Z info: Received a GET request for /employee
2024-05-20T10:37:02.065Z info: Received a GET request for /employee
2024-05-20T10:37:02.073Z info: Received a GET request for /employee
2024-05-20T10:37:27.521Z info: Received a GET request for /employee
2024-05-20T10:44:02.827Z info: Received a GET request for /employee
2024-05-20T10:45:15.194Z info: Received a GET request for /employee
2024-05-20T10:45:15.232Z info: Received a GET request for /employee
2024-05-20T10:45:19.286Z info: Received a GET request for /employee
2024-05-20T10:45:19.326Z info: Received a GET request for /employee
2024-05-20T10:45:56.124Z info: Received a GET request for /employee
2024-05-20T10:45:56.190Z info: Received a GET request for /employee
2024-05-20T10:45:57.661Z info: Received a GET request for /employee
2024-05-20T10:45:57.670Z info: Received a GET request for /employee
2024-05-20T10:47:38.873Z info: Received a GET request for /employee
2024-05-20T10:47:38.903Z info: Received a GET request for /employee
2024-05-20T10:47:45.459Z info: Received a GET request for /employee
2024-05-20T10:47:45.552Z info: Received a GET request for /employee
2024-05-20T10:47:52.922Z info: Received a GET request for /employee
2024-05-20T10:47:52.937Z info: Received a GET request for /employee
2024-05-20T10:48:15.903Z info: Received a GET request for /employee
2024-05-20T10:48:15.913Z info: Received a GET request for /employee
2024-05-20T10:48:21.750Z info: Received a GET request for /employee
2024-05-20T10:48:21.772Z info: Received a GET request for /employee
2024-05-20T10:48:31.889Z info: Received a GET request for /employee
2024-05-20T10:48:31.924Z info: Received a GET request for /employee
2024-05-20T10:48:40.567Z info: Received a GET request for /employee
2024-05-20T10:48:40.748Z info: Received a GET request for /employee
2024-05-20T10:49:15.026Z info: Received a GET request for /employee
2024-05-20T10:49:15.070Z info: Received a GET request for /employee
2024-05-20T10:49:27.073Z info: Received a GET request for /employee
2024-05-20T10:49:27.077Z info: Received a GET request for /employee
2024-05-20T10:49:59.955Z info: Received a GET request for /employee
2024-05-20T10:49:59.971Z info: Received a GET request for /employee
2024-05-20T10:59:22.705Z info: Received a GET request for /employee
2024-05-20T10:59:22.734Z info: Received a GET request for /employee
2024-05-20T10:59:31.762Z info: Received a GET request for /employee
2024-05-20T10:59:31.797Z info: Received a GET request for /employee
2024-05-20T10:59:46.342Z info: Received a GET request for /employee
2024-05-20T10:59:46.352Z info: Received a GET request for /employee
2024-05-22T00:17:03.977Z info: Received a GET request for /employee
2024-05-22T00:17:04.282Z info: Received a GET request for /employee
2024-05-22T00:18:30.632Z info: Received a GET request for /employee
2024-05-22T00:18:30.801Z info: Received a GET request for /employee
2024-05-22T00:22:09.924Z info: Received a GET request for /employee
2024-05-22T00:22:10.234Z info: Received a GET request for /employee
2024-05-22T00:22:15.690Z info: Received a GET request for /employee
2024-05-22T00:22:15.995Z info: Received a GET request for /employee
2024-05-22T00:22:29.387Z info: Received a GET request for /employee
2024-05-22T00:22:29.783Z info: Received a GET request for /employee
2024-05-22T00:22:44.258Z info: Received a GET request for /employee
2024-05-22T00:22:44.388Z info: Received a GET request for /employee
2024-05-22T00:23:36.290Z info: Received a GET request for /employee
2024-05-22T00:23:36.565Z info: Received a GET request for /employee
2024-05-22T00:23:49.360Z info: Received a GET request for /employee
2024-05-22T00:23:49.523Z info: Received a GET request for /employee
2024-05-22T00:24:06.120Z info: Received a GET request for /employee
2024-05-22T00:24:06.265Z info: Received a GET request for /employee
2024-05-22T00:24:22.220Z info: Received a GET request for /employee
2024-05-22T00:24:22.345Z info: Received a GET request for /employee
2024-05-22T00:24:40.604Z info: Received a GET request for /employee
2024-05-22T00:24:40.744Z info: Received a GET request for /employee
2024-05-22T00:24:58.708Z info: Received a GET request for /employee
2024-05-22T00:24:58.865Z info: Received a GET request for /employee
2024-05-22T00:26:02.999Z info: Received a GET request for /employee
2024-05-22T00:26:03.129Z info: Received a GET request for /employee
2024-05-22T00:26:21.644Z info: Received a GET request for /employee
2024-05-22T00:26:21.864Z info: Received a GET request for /employee
2024-05-22T00:26:26.862Z info: Received a GET request for /employee
2024-05-22T00:26:27.033Z info: Received a GET request for /employee
2024-05-22T00:27:02.831Z info: Received a GET request for /employee
2024-05-22T00:27:06.373Z info: Received a GET request for /employee
2024-05-22T00:27:06.629Z info: Received a GET request for /employee
2024-05-22T00:27:42.600Z info: Received a GET request for /employee
2024-05-22T00:27:42.999Z info: Received a GET request for /employee
2024-05-22T00:27:44.902Z info: Received a GET request for /employee
2024-05-22T00:27:45.159Z info: Received a GET request for /employee
2024-05-22T00:28:04.068Z info: Received a GET request for /employee
2024-05-22T00:28:04.231Z info: Received a GET request for /employee
2024-05-22T00:28:29.692Z info: Received a GET request for /employee
2024-05-22T00:28:29.896Z info: Received a GET request for /employee
2024-05-22T00:28:33.755Z info: Received a GET request for /employee
2024-05-22T00:28:36.146Z info: Received a GET request for /employee
2024-05-22T00:28:36.479Z info: Received a GET request for /employee
2024-05-22T00:28:37.288Z info: Received a GET request for /employee
2024-05-22T00:33:12.825Z info: Received a GET request for /employee
2024-05-22T00:33:13.057Z info: Received a GET request for /employee
2024-05-22T00:33:26.477Z info: Received a GET request for /employee
2024-05-22T00:33:26.843Z info: Received a GET request for /employee
2024-05-22T00:34:53.902Z info: Received a GET request for /employee
2024-05-22T00:34:54.198Z info: Received a GET request for /employee
2024-05-22T00:34:59.824Z info: Received a GET request for /employee
2024-05-22T00:35:00.009Z info: Received a GET request for /employee
2024-05-22T00:35:10.494Z info: Received a GET request for /employee
2024-05-22T00:35:10.817Z info: Received a GET request for /employee
2024-05-22T00:35:48.441Z info: Received a GET request for /employee
2024-05-22T00:35:48.564Z info: Received a GET request for /employee
2024-05-22T00:36:48.938Z info: Received a GET request for /employee
2024-05-22T00:36:51.535Z info: Received a GET request for /employee
2024-05-22T00:36:51.817Z info: Received a GET request for /employee
2024-05-22T00:37:05.230Z info: Received a GET request for /employee
2024-05-22T00:37:23.741Z info: Received a GET request for /employee
2024-05-22T00:37:23.962Z info: Received a GET request for /employee
2024-05-22T00:37:43.101Z info: Received a GET request for /employee
2024-05-22T00:37:43.278Z info: Received a GET request for /employee
2024-05-22T00:38:08.066Z info: Received a GET request for /employee
2024-05-22T00:38:08.292Z info: Received a GET request for /employee
2024-05-22T00:38:10.453Z info: Received a GET request for /employee
2024-05-22T00:38:10.568Z info: Received a GET request for /employee
2024-05-22T02:14:33.823Z info: Received a GET request for /employee
